# JRE version: OpenJDK Runtime Environment (Zulu 8.68.0.21-CA-macos-aarch64) (8.0_362-b09) (build 1.8.0_362-b09)
# Java VM: OpenJDK 64-Bit Server VM (25.362-b09 mixed mode bsd-aarch64 compressed oops)
Heap:
 PSYoungGen      total 188928K, used 178297K [0x000000076ab00000, 0x0000000778000000, 0x00000007c0000000)
  eden space 179200K, 99% used [0x000000076ab00000,0x000000077591e450,0x0000000775a00000)
  from space 9728K, 0% used [0x0000000776000000,0x0000000776000000,0x0000000776980000)
  to   space 19456K, 0% used [0x0000000776d00000,0x0000000776d00000,0x0000000778000000)
 ParOldGen       total 130560K, used 22875K [0x00000006c0000000, 0x00000006c7f80000, 0x000000076ab00000)
  object space 130560K, 17% used [0x00000006c0000000,0x00000006c1656d98,0x00000006c7f80000)
 Metaspace       used 43532K, capacity 44153K, committed 44544K, reserved 1087488K
  class space    used 6070K, capacity 6291K, committed 6400K, reserved 1048576K
GC Heap History (10 events):
Event: 2.898 GC heap before
{Heap before GC invocations=18 (full 5):
 PSYoungGen      total 174080K, used 16589K [0x000000076ab00000, 0x0000000778800000, 0x00000007c0000000)
  eden space 160256K, 1% used [0x000000076ab00000,0x000000076adbabb0,0x0000000774780000)
  from space 13824K, 99% used [0x0000000775880000,0x00000007765f8af0,0x0000000776600000)
  to   space 17408K, 0% used [0x0000000774780000,0x0000000774780000,0x0000000775880000)
 ParOldGen       total 130560K, used 34325K [0x00000006c0000000, 0x00000006c7f80000, 0x000000076ab00000)
  object space 130560K, 26% used [0x00000006c0000000,0x00000006c2185420,0x00000006c7f80000)
 Metaspace       used 27456K, capacity 27709K, committed 28160K, reserved 1073152K
  class space    used 3641K, capacity 3725K, committed 3840K, reserved 1048576K
Event: 2.901 GC heap after
Heap after GC invocations=18 (full 5):
 PSYoungGen      total 177664K, used 13986K [0x000000076ab00000, 0x0000000778b00000, 0x00000007c0000000)
  eden space 160256K, 0% used [0x000000076ab00000,0x000000076ab00000,0x0000000774780000)
  from space 17408K, 80% used [0x0000000774780000,0x0000000775528af0,0x0000000775880000)
  to   space 18944K, 0% used [0x0000000777880000,0x0000000777880000,0x0000000778b00000)
 ParOldGen       total 130560K, used 34325K [0x00000006c0000000, 0x00000006c7f80000, 0x000000076ab00000)
  object space 130560K, 26% used [0x00000006c0000000,0x00000006c2185420,0x00000006c7f80000)
 Metaspace       used 27456K, capacity 27709K, committed 28160K, reserved 1073152K
  class space    used 3641K, capacity 3725K, committed 3840K, reserved 1048576K
}
Event: 2.901 GC heap before
{Heap before GC invocations=19 (full 6):
 PSYoungGen      total 177664K, used 13986K [0x000000076ab00000, 0x0000000778b00000, 0x00000007c0000000)
  eden space 160256K, 0% used [0x000000076ab00000,0x000000076ab00000,0x0000000774780000)
  from space 17408K, 80% used [0x0000000774780000,0x0000000775528af0,0x0000000775880000)
  to   space 18944K, 0% used [0x0000000777880000,0x0000000777880000,0x0000000778b00000)
 ParOldGen       total 130560K, used 34325K [0x00000006c0000000, 0x00000006c7f80000, 0x000000076ab00000)
  object space 130560K, 26% used [0x00000006c0000000,0x00000006c2185420,0x00000006c7f80000)
 Metaspace       used 27456K, capacity 27709K, committed 28160K, reserved 1073152K
  class space    used 3641K, capacity 3725K, committed 3840K, reserved 1048576K
Event: 2.954 GC heap after
Heap after GC invocations=19 (full 6):
 PSYoungGen      total 177664K, used 0K [0x000000076ab00000, 0x0000000778b00000, 0x00000007c0000000)
  eden space 160256K, 0% used [0x000000076ab00000,0x000000076ab00000,0x0000000774780000)
  from space 17408K, 0% used [0x0000000774780000,0x0000000774780000,0x0000000775880000)
  to   space 18944K, 0% used [0x0000000777880000,0x0000000777880000,0x0000000778b00000)
 ParOldGen       total 130560K, used 43063K [0x00000006c0000000, 0x00000006c7f80000, 0x000000076ab00000)
  object space 130560K, 32% used [0x00000006c0000000,0x00000006c2a0de08,0x00000006c7f80000)
 Metaspace       used 27456K, capacity 27709K, committed 28160K, reserved 1073152K
  class space    used 3641K, capacity 3725K, committed 3840K, reserved 1048576K
}
Event: 3.602 GC heap before
{Heap before GC invocations=20 (full 6):
 PSYoungGen      total 177664K, used 160256K [0x000000076ab00000, 0x0000000778b00000, 0x00000007c0000000)
  eden space 160256K, 100% used [0x000000076ab00000,0x0000000774780000,0x0000000774780000)
  from space 17408K, 0% used [0x0000000774780000,0x0000000774780000,0x0000000775880000)
  to   space 18944K, 0% used [0x0000000777880000,0x0000000777880000,0x0000000778b00000)
 ParOldGen       total 130560K, used 43063K [0x00000006c0000000, 0x00000006c7f80000, 0x000000076ab00000)
  object space 130560K, 32% used [0x00000006c0000000,0x00000006c2a0de08,0x00000006c7f80000)
 Metaspace       used 37444K, capacity 37841K, committed 38400K, reserved 1083392K
  class space    used 4879K, capacity 5004K, committed 5120K, reserved 1048576K
Event: 3.606 GC heap after
Heap after GC invocations=20 (full 6):
 PSYoungGen      total 195072K, used 15420K [0x000000076ab00000, 0x0000000778800000, 0x00000007c0000000)
  eden space 179200K, 0% used [0x000000076ab00000,0x000000076ab00000,0x0000000775a00000)
  from space 15872K, 97% used [0x0000000777880000,0x000000077878f338,0x0000000778800000)
  to   space 20480K, 0% used [0x0000000776000000,0x0000000776000000,0x0000000777400000)
 ParOldGen       total 130560K, used 43071K [0x00000006c0000000, 0x00000006c7f80000, 0x000000076ab00000)
  object space 130560K, 32% used [0x00000006c0000000,0x00000006c2a0fe08,0x00000006c7f80000)
 Metaspace       used 37444K, capacity 37841K, committed 38400K, reserved 1083392K
  class space    used 4879K, capacity 5004K, committed 5120K, reserved 1048576K
}
Event: 3.648 GC heap before
{Heap before GC invocations=21 (full 6):
 PSYoungGen      total 195072K, used 18647K [0x000000076ab00000, 0x0000000778800000, 0x00000007c0000000)
  eden space 179200K, 1% used [0x000000076ab00000,0x000000076ae26a18,0x0000000775a00000)
  from space 15872K, 97% used [0x0000000777880000,0x000000077878f338,0x0000000778800000)
  to   space 20480K, 0% used [0x0000000776000000,0x0000000776000000,0x0000000777400000)
 ParOldGen       total 130560K, used 43071K [0x00000006c0000000, 0x00000006c7f80000, 0x000000076ab00000)
  object space 130560K, 32% used [0x00000006c0000000,0x00000006c2a0fe08,0x00000006c7f80000)
 Metaspace       used 37455K, capacity 37841K, committed 38400K, reserved 1083392K
  class space    used 4882K, capacity 5004K, committed 5120K, reserved 1048576K
Event: 3.651 GC heap after
Heap after GC invocations=21 (full 6):
 PSYoungGen      total 188928K, used 9712K [0x000000076ab00000, 0x0000000778000000, 0x00000007c0000000)
  eden space 179200K, 0% used [0x000000076ab00000,0x000000076ab00000,0x0000000775a00000)
  from space 9728K, 99% used [0x0000000776000000,0x000000077697c340,0x0000000776980000)
  to   space 19456K, 0% used [0x0000000776d00000,0x0000000776d00000,0x0000000778000000)
 ParOldGen       total 130560K, used 43079K [0x00000006c0000000, 0x00000006c7f80000, 0x000000076ab00000)
  object space 130560K, 32% used [0x00000006c0000000,0x00000006c2a11e08,0x00000006c7f80000)
 Metaspace       used 37455K, capacity 37841K, committed 38400K, reserved 1083392K
  class space    used 4882K, capacity 5004K, committed 5120K, reserved 1048576K
}
Event: 3.651 GC heap before
{Heap before GC invocations=22 (full 7):
 PSYoungGen      total 188928K, used 9712K [0x000000076ab00000, 0x0000000778000000, 0x00000007c0000000)
  eden space 179200K, 0% used [0x000000076ab00000,0x000000076ab00000,0x0000000775a00000)
  from space 9728K, 99% used [0x0000000776000000,0x000000077697c340,0x0000000776980000)
  to   space 19456K, 0% used [0x0000000776d00000,0x0000000776d00000,0x0000000778000000)
 ParOldGen       total 130560K, used 43079K [0x00000006c0000000, 0x00000006c7f80000, 0x000000076ab00000)
  object space 130560K, 32% used [0x00000006c0000000,0x00000006c2a11e08,0x00000006c7f80000)
 Metaspace       used 37455K, capacity 37841K, committed 38400K, reserved 1083392K
  class space    used 4882K, capacity 5004K, committed 5120K, reserved 1048576K
Event: 3.710 GC heap after
Heap after GC invocations=22 (full 7):
 PSYoungGen      total 188928K, used 0K [0x000000076ab00000, 0x0000000778000000, 0x00000007c0000000)
  eden space 179200K, 0% used [0x000000076ab00000,0x000000076ab00000,0x0000000775a00000)
  from space 9728K, 0% used [0x0000000776000000,0x0000000776000000,0x0000000776980000)
  to   space 19456K, 0% used [0x0000000776d00000,0x0000000776d00000,0x0000000778000000)
 ParOldGen       total 130560K, used 22875K [0x00000006c0000000, 0x00000006c7f80000, 0x000000076ab00000)
  object space 130560K, 17% used [0x00000006c0000000,0x00000006c1656d98,0x00000006c7f80000)
 Metaspace       used 37455K, capacity 37841K, committed 38400K, reserved 1083392K
  class space    used 4882K, capacity 5004K, committed 5120K, reserved 1048576K
}

