# JRE version: OpenJDK Runtime Environment (Zulu 8.68.0.21-CA-macos-aarch64) (8.0_362-b09) (build 1.8.0_362-b09)
# Java VM: OpenJDK 64-Bit Server VM (25.362-b09 mixed mode bsd-aarch64 compressed oops)
Heap:
 PSYoungGen      total 76288K, used 31499K [0x000000076ab00000, 0x0000000770000000, 0x00000007c0000000)
  eden space 65536K, 41% used [0x000000076ab00000,0x000000076c5b73e8,0x000000076eb00000)
  from space 10752K, 38% used [0x000000076eb00000,0x000000076ef0bba8,0x000000076f580000)
  to   space 10752K, 0% used [0x000000076f580000,0x000000076f580000,0x0000000770000000)
 ParOldGen       total 175104K, used 8410K [0x00000006c0000000, 0x00000006cab00000, 0x000000076ab00000)
  object space 175104K, 4% used [0x00000006c0000000,0x00000006c0836830,0x00000006cab00000)
 Metaspace       used 12877K, capacity 13160K, committed 13184K, reserved 1060864K
  class space    used 1818K, capacity 1918K, committed 1920K, reserved 1048576K
GC Heap History (10 events):
Event: 1.330 GC heap before
{Heap before GC invocations=3 (full 1):
 PSYoungGen      total 76288K, used 4089K [0x000000076ab00000, 0x0000000770000000, 0x00000007c0000000)
  eden space 65536K, 0% used [0x000000076ab00000,0x000000076ab00000,0x000000076eb00000)
  from space 10752K, 38% used [0x000000076f580000,0x000000076f97e700,0x0000000770000000)
  to   space 10752K, 0% used [0x000000076eb00000,0x000000076eb00000,0x000000076f580000)
 ParOldGen       total 175104K, used 16K [0x00000006c0000000, 0x00000006cab00000, 0x000000076ab00000)
  object space 175104K, 0% used [0x00000006c0000000,0x00000006c0004000,0x00000006cab00000)
 Metaspace       used 6135K, capacity 6292K, committed 6400K, reserved 1056768K
  class space    used 688K, capacity 736K, committed 768K, reserved 1048576K
Event: 1.340 GC heap after
Heap after GC invocations=3 (full 1):
 PSYoungGen      total 76288K, used 0K [0x000000076ab00000, 0x0000000770000000, 0x00000007c0000000)
  eden space 65536K, 0% used [0x000000076ab00000,0x000000076ab00000,0x000000076eb00000)
  from space 10752K, 0% used [0x000000076f580000,0x000000076f580000,0x0000000770000000)
  to   space 10752K, 0% used [0x000000076eb00000,0x000000076eb00000,0x000000076f580000)
 ParOldGen       total 175104K, used 3912K [0x00000006c0000000, 0x00000006cab00000, 0x000000076ab00000)
  object space 175104K, 2% used [0x00000006c0000000,0x00000006c03d2270,0x00000006cab00000)
 Metaspace       used 6135K, capacity 6292K, committed 6400K, reserved 1056768K
  class space    used 688K, capacity 736K, committed 768K, reserved 1048576K
}
Event: 1.624 GC heap before
{Heap before GC invocations=4 (full 1):
 PSYoungGen      total 76288K, used 65536K [0x000000076ab00000, 0x0000000770000000, 0x00000007c0000000)
  eden space 65536K, 100% used [0x000000076ab00000,0x000000076eb00000,0x000000076eb00000)
  from space 10752K, 0% used [0x000000076f580000,0x000000076f580000,0x0000000770000000)
  to   space 10752K, 0% used [0x000000076eb00000,0x000000076eb00000,0x000000076f580000)
 ParOldGen       total 175104K, used 3912K [0x00000006c0000000, 0x00000006cab00000, 0x000000076ab00000)
  object space 175104K, 2% used [0x00000006c0000000,0x00000006c03d2270,0x00000006cab00000)
 Metaspace       used 8544K, capacity 8720K, committed 8832K, reserved 1056768K
  class space    used 1056K, capacity 1144K, committed 1152K, reserved 1048576K
Event: 1.627 GC heap after
Heap after GC invocations=4 (full 1):
 PSYoungGen      total 76288K, used 5584K [0x000000076ab00000, 0x0000000770000000, 0x00000007c0000000)
  eden space 65536K, 0% used [0x000000076ab00000,0x000000076ab00000,0x000000076eb00000)
  from space 10752K, 51% used [0x000000076eb00000,0x000000076f074240,0x000000076f580000)
  to   space 10752K, 0% used [0x000000076f580000,0x000000076f580000,0x0000000770000000)
 ParOldGen       total 175104K, used 3920K [0x00000006c0000000, 0x00000006cab00000, 0x000000076ab00000)
  object space 175104K, 2% used [0x00000006c0000000,0x00000006c03d4270,0x00000006cab00000)
 Metaspace       used 8544K, capacity 8720K, committed 8832K, reserved 1056768K
  class space    used 1056K, capacity 1144K, committed 1152K, reserved 1048576K
}
Event: 1.660 GC heap before
{Heap before GC invocations=5 (full 1):
 PSYoungGen      total 76288K, used 23293K [0x000000076ab00000, 0x0000000770000000, 0x00000007c0000000)
  eden space 65536K, 27% used [0x000000076ab00000,0x000000076bc4b2e8,0x000000076eb00000)
  from space 10752K, 51% used [0x000000076eb00000,0x000000076f074240,0x000000076f580000)
  to   space 10752K, 0% used [0x000000076f580000,0x000000076f580000,0x0000000770000000)
 ParOldGen       total 175104K, used 3920K [0x00000006c0000000, 0x00000006cab00000, 0x000000076ab00000)
  object space 175104K, 2% used [0x00000006c0000000,0x00000006c03d4270,0x00000006cab00000)
 Metaspace       used 8660K, capacity 8848K, committed 8960K, reserved 1056768K
  class space    used 1119K, capacity 1208K, committed 1280K, reserved 1048576K
Event: 1.662 GC heap after
Heap after GC invocations=5 (full 1):
 PSYoungGen      total 76288K, used 4800K [0x000000076ab00000, 0x0000000770000000, 0x00000007c0000000)
  eden space 65536K, 0% used [0x000000076ab00000,0x000000076ab00000,0x000000076eb00000)
  from space 10752K, 44% used [0x000000076f580000,0x000000076fa30000,0x0000000770000000)
  to   space 10752K, 0% used [0x000000076eb00000,0x000000076eb00000,0x000000076f580000)
 ParOldGen       total 175104K, used 3928K [0x00000006c0000000, 0x00000006cab00000, 0x000000076ab00000)
  object space 175104K, 2% used [0x00000006c0000000,0x00000006c03d6270,0x00000006cab00000)
 Metaspace       used 8660K, capacity 8848K, committed 8960K, reserved 1056768K
  class space    used 1119K, capacity 1208K, committed 1280K, reserved 1048576K
}
Event: 1.662 GC heap before
{Heap before GC invocations=6 (full 2):
 PSYoungGen      total 76288K, used 4800K [0x000000076ab00000, 0x0000000770000000, 0x00000007c0000000)
  eden space 65536K, 0% used [0x000000076ab00000,0x000000076ab00000,0x000000076eb00000)
  from space 10752K, 44% used [0x000000076f580000,0x000000076fa30000,0x0000000770000000)
  to   space 10752K, 0% used [0x000000076eb00000,0x000000076eb00000,0x000000076f580000)
 ParOldGen       total 175104K, used 3928K [0x00000006c0000000, 0x00000006cab00000, 0x000000076ab00000)
  object space 175104K, 2% used [0x00000006c0000000,0x00000006c03d6270,0x00000006cab00000)
 Metaspace       used 8660K, capacity 8848K, committed 8960K, reserved 1056768K
  class space    used 1119K, capacity 1208K, committed 1280K, reserved 1048576K
Event: 1.687 GC heap after
Heap after GC invocations=6 (full 2):
 PSYoungGen      total 76288K, used 0K [0x000000076ab00000, 0x0000000770000000, 0x00000007c0000000)
  eden space 65536K, 0% used [0x000000076ab00000,0x000000076ab00000,0x000000076eb00000)
  from space 10752K, 0% used [0x000000076f580000,0x000000076f580000,0x0000000770000000)
  to   space 10752K, 0% used [0x000000076eb00000,0x000000076eb00000,0x000000076f580000)
 ParOldGen       total 175104K, used 8402K [0x00000006c0000000, 0x00000006cab00000, 0x000000076ab00000)
  object space 175104K, 4% used [0x00000006c0000000,0x00000006c0834830,0x00000006cab00000)
 Metaspace       used 8660K, capacity 8848K, committed 8960K, reserved 1056768K
  class space    used 1119K, capacity 1208K, committed 1280K, reserved 1048576K
}
Event: 1.894 GC heap before
{Heap before GC invocations=7 (full 2):
 PSYoungGen      total 76288K, used 65536K [0x000000076ab00000, 0x0000000770000000, 0x00000007c0000000)
  eden space 65536K, 100% used [0x000000076ab00000,0x000000076eb00000,0x000000076eb00000)
  from space 10752K, 0% used [0x000000076f580000,0x000000076f580000,0x0000000770000000)
  to   space 10752K, 0% used [0x000000076eb00000,0x000000076eb00000,0x000000076f580000)
 ParOldGen       total 175104K, used 8402K [0x00000006c0000000, 0x00000006cab00000, 0x000000076ab00000)
  object space 175104K, 4% used [0x00000006c0000000,0x00000006c0834830,0x00000006cab00000)
 Metaspace       used 11410K, capacity 11688K, committed 11776K, reserved 1058816K
  class space    used 1619K, capacity 1726K, committed 1792K, reserved 1048576K
Event: 1.895 GC heap after
Heap after GC invocations=7 (full 2):
 PSYoungGen      total 76288K, used 4142K [0x000000076ab00000, 0x0000000770000000, 0x00000007c0000000)
  eden space 65536K, 0% used [0x000000076ab00000,0x000000076ab00000,0x000000076eb00000)
  from space 10752K, 38% used [0x000000076eb00000,0x000000076ef0bba8,0x000000076f580000)
  to   space 10752K, 0% used [0x000000076f580000,0x000000076f580000,0x0000000770000000)
 ParOldGen       total 175104K, used 8410K [0x00000006c0000000, 0x00000006cab00000, 0x000000076ab00000)
  object space 175104K, 4% used [0x00000006c0000000,0x00000006c0836830,0x00000006cab00000)
 Metaspace       used 11410K, capacity 11688K, committed 11776K, reserved 1058816K
  class space    used 1619K, capacity 1726K, committed 1792K, reserved 1048576K
}

