# JRE version: OpenJDK Runtime Environment (Zulu 8.68.0.21-CA-macos-aarch64) (8.0_362-b09) (build 1.8.0_362-b09)
# Java VM: OpenJDK 64-Bit Server VM (25.362-b09 mixed mode bsd-aarch64 compressed oops)
Heap:
 PSYoungGen      total 257024K, used 15948K [0x000000076ab00000, 0x000000077bf00000, 0x00000007c0000000)
  eden space 252928K, 6% used [0x000000076ab00000,0x000000076ba93228,0x000000077a200000)
  from space 4096K, 0% used [0x000000077a400000,0x000000077a400000,0x000000077a800000)
  to   space 14848K, 0% used [0x000000077b080000,0x000000077b080000,0x000000077bf00000)
 ParOldGen       total 175104K, used 16979K [0x00000006c0000000, 0x00000006cab00000, 0x000000076ab00000)
  object space 175104K, 9% used [0x00000006c0000000,0x00000006c1094e00,0x00000006cab00000)
 Metaspace       used 36616K, capacity 36993K, committed 37504K, reserved 1081344K
  class space    used 4807K, capacity 4938K, committed 4992K, reserved 1048576K
GC Heap History (10 events):
Event: 2.804 GC heap before
{Heap before GC invocations=19 (full 6):
 PSYoungGen      total 137216K, used 14954K [0x000000076ab00000, 0x000000077c800000, 0x00000007c0000000)
  eden space 126464K, 3% used [0x000000076ab00000,0x000000076af21db8,0x0000000772680000)
  from space 10752K, 99% used [0x0000000773580000,0x0000000773ff8af0,0x0000000774000000)
  to   space 15360K, 0% used [0x0000000772680000,0x0000000772680000,0x0000000773580000)
 ParOldGen       total 175104K, used 32467K [0x00000006c0000000, 0x00000006cab00000, 0x000000076ab00000)
  object space 175104K, 18% used [0x00000006c0000000,0x00000006c1fb4d28,0x00000006cab00000)
 Metaspace       used 27439K, capacity 27709K, committed 28160K, reserved 1073152K
  class space    used 3642K, capacity 3725K, committed 3840K, reserved 1048576K
Event: 2.807 GC heap after
Heap after GC invocations=19 (full 6):
 PSYoungGen      total 141824K, used 10850K [0x000000076ab00000, 0x000000077c900000, 0x00000007c0000000)
  eden space 126464K, 0% used [0x000000076ab00000,0x000000076ab00000,0x0000000772680000)
  from space 15360K, 70% used [0x0000000772680000,0x0000000773118af0,0x0000000773580000)
  to   space 15872K, 0% used [0x000000077b980000,0x000000077b980000,0x000000077c900000)
 ParOldGen       total 175104K, used 32475K [0x00000006c0000000, 0x00000006cab00000, 0x000000076ab00000)
  object space 175104K, 18% used [0x00000006c0000000,0x00000006c1fb6d28,0x00000006cab00000)
 Metaspace       used 27439K, capacity 27709K, committed 28160K, reserved 1073152K
  class space    used 3642K, capacity 3725K, committed 3840K, reserved 1048576K
}
Event: 2.807 GC heap before
{Heap before GC invocations=20 (full 7):
 PSYoungGen      total 141824K, used 10850K [0x000000076ab00000, 0x000000077c900000, 0x00000007c0000000)
  eden space 126464K, 0% used [0x000000076ab00000,0x000000076ab00000,0x0000000772680000)
  from space 15360K, 70% used [0x0000000772680000,0x0000000773118af0,0x0000000773580000)
  to   space 15872K, 0% used [0x000000077b980000,0x000000077b980000,0x000000077c900000)
 ParOldGen       total 175104K, used 32475K [0x00000006c0000000, 0x00000006cab00000, 0x000000076ab00000)
  object space 175104K, 18% used [0x00000006c0000000,0x00000006c1fb6d28,0x00000006cab00000)
 Metaspace       used 27439K, capacity 27709K, committed 28160K, reserved 1073152K
  class space    used 3642K, capacity 3725K, committed 3840K, reserved 1048576K
Event: 2.897 GC heap after
Heap after GC invocations=20 (full 7):
 PSYoungGen      total 141824K, used 0K [0x000000076ab00000, 0x000000077c900000, 0x00000007c0000000)
  eden space 126464K, 0% used [0x000000076ab00000,0x000000076ab00000,0x0000000772680000)
  from space 15360K, 0% used [0x0000000772680000,0x0000000772680000,0x0000000773580000)
  to   space 15872K, 0% used [0x000000077b980000,0x000000077b980000,0x000000077c900000)
 ParOldGen       total 175104K, used 43064K [0x00000006c0000000, 0x00000006cab00000, 0x000000076ab00000)
  object space 175104K, 24% used [0x00000006c0000000,0x00000006c2a0e3f0,0x00000006cab00000)
 Metaspace       used 27439K, capacity 27709K, committed 28160K, reserved 1073152K
  class space    used 3642K, capacity 3725K, committed 3840K, reserved 1048576K
}
Event: 3.629 GC heap before
{Heap before GC invocations=21 (full 7):
 PSYoungGen      total 141824K, used 126464K [0x000000076ab00000, 0x000000077c900000, 0x00000007c0000000)
  eden space 126464K, 100% used [0x000000076ab00000,0x0000000772680000,0x0000000772680000)
  from space 15360K, 0% used [0x0000000772680000,0x0000000772680000,0x0000000773580000)
  to   space 15872K, 0% used [0x000000077b980000,0x000000077b980000,0x000000077c900000)
 ParOldGen       total 175104K, used 43064K [0x00000006c0000000, 0x00000006cab00000, 0x000000076ab00000)
  object space 175104K, 24% used [0x00000006c0000000,0x00000006c2a0e3f0,0x00000006cab00000)
 Metaspace       used 35349K, capacity 35665K, committed 36096K, reserved 1081344K
  class space    used 4650K, capacity 4772K, committed 4864K, reserved 1048576K
Event: 3.632 GC heap after
Heap after GC invocations=21 (full 7):
 PSYoungGen      total 260608K, used 7644K [0x000000076ab00000, 0x000000077c100000, 0x00000007c0000000)
  eden space 252928K, 0% used [0x000000076ab00000,0x000000076ab00000,0x000000077a200000)
  from space 7680K, 99% used [0x000000077b980000,0x000000077c0f71f0,0x000000077c100000)
  to   space 14848K, 0% used [0x000000077a400000,0x000000077a400000,0x000000077b280000)
 ParOldGen       total 175104K, used 43072K [0x00000006c0000000, 0x00000006cab00000, 0x000000076ab00000)
  object space 175104K, 24% used [0x00000006c0000000,0x00000006c2a103f0,0x00000006cab00000)
 Metaspace       used 35349K, capacity 35665K, committed 36096K, reserved 1081344K
  class space    used 4650K, capacity 4772K, committed 4864K, reserved 1048576K
}
Event: 3.657 GC heap before
{Heap before GC invocations=22 (full 7):
 PSYoungGen      total 260608K, used 20965K [0x000000076ab00000, 0x000000077c100000, 0x00000007c0000000)
  eden space 252928K, 5% used [0x000000076ab00000,0x000000076b802520,0x000000077a200000)
  from space 7680K, 99% used [0x000000077b980000,0x000000077c0f71f0,0x000000077c100000)
  to   space 14848K, 0% used [0x000000077a400000,0x000000077a400000,0x000000077b280000)
 ParOldGen       total 175104K, used 43072K [0x00000006c0000000, 0x00000006cab00000, 0x000000076ab00000)
  object space 175104K, 24% used [0x00000006c0000000,0x00000006c2a103f0,0x00000006cab00000)
 Metaspace       used 35665K, capacity 36019K, committed 36480K, reserved 1081344K
  class space    used 4740K, capacity 4869K, committed 4992K, reserved 1048576K
Event: 3.659 GC heap after
Heap after GC invocations=22 (full 7):
 PSYoungGen      total 257024K, used 3728K [0x000000076ab00000, 0x000000077bf00000, 0x00000007c0000000)
  eden space 252928K, 0% used [0x000000076ab00000,0x000000076ab00000,0x000000077a200000)
  from space 4096K, 91% used [0x000000077a400000,0x000000077a7a4030,0x000000077a800000)
  to   space 14848K, 0% used [0x000000077b080000,0x000000077b080000,0x000000077bf00000)
 ParOldGen       total 175104K, used 43080K [0x00000006c0000000, 0x00000006cab00000, 0x000000076ab00000)
  object space 175104K, 24% used [0x00000006c0000000,0x00000006c2a123f0,0x00000006cab00000)
 Metaspace       used 35665K, capacity 36019K, committed 36480K, reserved 1081344K
  class space    used 4740K, capacity 4869K, committed 4992K, reserved 1048576K
}
Event: 3.659 GC heap before
{Heap before GC invocations=23 (full 8):
 PSYoungGen      total 257024K, used 3728K [0x000000076ab00000, 0x000000077bf00000, 0x00000007c0000000)
  eden space 252928K, 0% used [0x000000076ab00000,0x000000076ab00000,0x000000077a200000)
  from space 4096K, 91% used [0x000000077a400000,0x000000077a7a4030,0x000000077a800000)
  to   space 14848K, 0% used [0x000000077b080000,0x000000077b080000,0x000000077bf00000)
 ParOldGen       total 175104K, used 43080K [0x00000006c0000000, 0x00000006cab00000, 0x000000076ab00000)
  object space 175104K, 24% used [0x00000006c0000000,0x00000006c2a123f0,0x00000006cab00000)
 Metaspace       used 35665K, capacity 36019K, committed 36480K, reserved 1081344K
  class space    used 4740K, capacity 4869K, committed 4992K, reserved 1048576K
Event: 3.706 GC heap after
Heap after GC invocations=23 (full 8):
 PSYoungGen      total 257024K, used 0K [0x000000076ab00000, 0x000000077bf00000, 0x00000007c0000000)
  eden space 252928K, 0% used [0x000000076ab00000,0x000000076ab00000,0x000000077a200000)
  from space 4096K, 0% used [0x000000077a400000,0x000000077a400000,0x000000077a800000)
  to   space 14848K, 0% used [0x000000077b080000,0x000000077b080000,0x000000077bf00000)
 ParOldGen       total 175104K, used 16979K [0x00000006c0000000, 0x00000006cab00000, 0x000000076ab00000)
  object space 175104K, 9% used [0x00000006c0000000,0x00000006c1094e00,0x00000006cab00000)
 Metaspace       used 35665K, capacity 36019K, committed 36480K, reserved 1081344K
  class space    used 4740K, capacity 4869K, committed 4992K, reserved 1048576K
}

