# JRE version: OpenJDK Runtime Environment (Zulu 8.68.0.21-CA-macos-aarch64) (8.0_362-b09) (build 1.8.0_362-b09)
# Java VM: OpenJDK 64-Bit Server VM (25.362-b09 mixed mode bsd-aarch64 compressed oops)
Heap:
 PSYoungGen      total 93696K, used 72766K [0x000000076ab00000, 0x0000000771680000, 0x00000007c0000000)
  eden space 78848K, 92% used [0x000000076ab00000,0x000000076f20f830,0x000000076f800000)
  from space 14848K, 0% used [0x000000076f800000,0x000000076f800000,0x0000000770680000)
  to   space 15360K, 0% used [0x0000000770780000,0x0000000770780000,0x0000000771680000)
 ParOldGen       total 138752K, used 31094K [0x00000006c0000000, 0x00000006c8780000, 0x000000076ab00000)
  object space 138752K, 22% used [0x00000006c0000000,0x00000006c1e5d800,0x00000006c8780000)
 Metaspace       used 46032K, capacity 46486K, committed 46944K, reserved 1089536K
  class space    used 6322K, capacity 6488K, committed 6528K, reserved 1048576K
GC Heap History (10 events):
Event: 5.423 GC heap before
{Heap before GC invocations=29 (full 9):
 PSYoungGen      total 70656K, used 55518K [0x000000076ab00000, 0x0000000770b80000, 0x00000007c0000000)
  eden space 55808K, 99% used [0x000000076ab00000,0x000000076e137ac0,0x000000076e180000)
  from space 14848K, 0% used [0x000000076e180000,0x000000076e180000,0x000000076f000000)
  to   space 15360K, 0% used [0x000000076fc80000,0x000000076fc80000,0x0000000770b80000)
 ParOldGen       total 138752K, used 22472K [0x00000006c0000000, 0x00000006c8780000, 0x000000076ab00000)
  object space 138752K, 16% used [0x00000006c0000000,0x00000006c15f2388,0x00000006c8780000)
 Metaspace       used 38821K, capacity 39216K, committed 39520K, reserved 1083392K
  class space    used 5056K, capacity 5190K, committed 5248K, reserved 1048576K
Event: 5.425 GC heap after
Heap after GC invocations=29 (full 9):
 PSYoungGen      total 80384K, used 3564K [0x000000076ab00000, 0x0000000770980000, 0x00000007c0000000)
  eden space 67072K, 0% used [0x000000076ab00000,0x000000076ab00000,0x000000076ec80000)
  from space 13312K, 26% used [0x000000076fc80000,0x000000076fffb3a8,0x0000000770980000)
  to   space 14848K, 0% used [0x000000076ec80000,0x000000076ec80000,0x000000076fb00000)
 ParOldGen       total 138752K, used 22480K [0x00000006c0000000, 0x00000006c8780000, 0x000000076ab00000)
  object space 138752K, 16% used [0x00000006c0000000,0x00000006c15f4388,0x00000006c8780000)
 Metaspace       used 38821K, capacity 39216K, committed 39520K, reserved 1083392K
  class space    used 5056K, capacity 5190K, committed 5248K, reserved 1048576K
}
Event: 5.754 GC heap before
{Heap before GC invocations=30 (full 9):
 PSYoungGen      total 80384K, used 70636K [0x000000076ab00000, 0x0000000770980000, 0x00000007c0000000)
  eden space 67072K, 100% used [0x000000076ab00000,0x000000076ec80000,0x000000076ec80000)
  from space 13312K, 26% used [0x000000076fc80000,0x000000076fffb3a8,0x0000000770980000)
  to   space 14848K, 0% used [0x000000076ec80000,0x000000076ec80000,0x000000076fb00000)
 ParOldGen       total 138752K, used 22480K [0x00000006c0000000, 0x00000006c8780000, 0x000000076ab00000)
  object space 138752K, 16% used [0x00000006c0000000,0x00000006c15f4388,0x00000006c8780000)
 Metaspace       used 41735K, capacity 42106K, committed 42464K, reserved 1085440K
  class space    used 5644K, capacity 5787K, committed 5888K, reserved 1048576K
Event: 5.756 GC heap after
Heap after GC invocations=30 (full 9):
 PSYoungGen      total 81920K, used 6740K [0x000000076ab00000, 0x0000000771480000, 0x00000007c0000000)
  eden space 67072K, 0% used [0x000000076ab00000,0x000000076ab00000,0x000000076ec80000)
  from space 14848K, 45% used [0x000000076ec80000,0x000000076f315370,0x000000076fb00000)
  to   space 14336K, 0% used [0x0000000770680000,0x0000000770680000,0x0000000771480000)
 ParOldGen       total 138752K, used 22488K [0x00000006c0000000, 0x00000006c8780000, 0x000000076ab00000)
  object space 138752K, 16% used [0x00000006c0000000,0x00000006c15f6388,0x00000006c8780000)
 Metaspace       used 41735K, capacity 42106K, committed 42464K, reserved 1085440K
  class space    used 5644K, capacity 5787K, committed 5888K, reserved 1048576K
}
Event: 6.303 GC heap before
{Heap before GC invocations=31 (full 9):
 PSYoungGen      total 81920K, used 73812K [0x000000076ab00000, 0x0000000771480000, 0x00000007c0000000)
  eden space 67072K, 100% used [0x000000076ab00000,0x000000076ec80000,0x000000076ec80000)
  from space 14848K, 45% used [0x000000076ec80000,0x000000076f315370,0x000000076fb00000)
  to   space 14336K, 0% used [0x0000000770680000,0x0000000770680000,0x0000000771480000)
 ParOldGen       total 138752K, used 22488K [0x00000006c0000000, 0x00000006c8780000, 0x000000076ab00000)
  object space 138752K, 16% used [0x00000006c0000000,0x00000006c15f6388,0x00000006c8780000)
 Metaspace       used 44840K, capacity 45264K, committed 45792K, reserved 1089536K
  class space    used 6141K, capacity 6281K, committed 6400K, reserved 1048576K
Event: 6.307 GC heap after
Heap after GC invocations=31 (full 9):
 PSYoungGen      total 93184K, used 10574K [0x000000076ab00000, 0x0000000771580000, 0x00000007c0000000)
  eden space 78848K, 0% used [0x000000076ab00000,0x000000076ab00000,0x000000076f800000)
  from space 14336K, 73% used [0x0000000770680000,0x00000007710d3900,0x0000000771480000)
  to   space 14848K, 0% used [0x000000076f800000,0x000000076f800000,0x0000000770680000)
 ParOldGen       total 138752K, used 22496K [0x00000006c0000000, 0x00000006c8780000, 0x000000076ab00000)
  object space 138752K, 16% used [0x00000006c0000000,0x00000006c15f8388,0x00000006c8780000)
 Metaspace       used 44840K, capacity 45264K, committed 45792K, reserved 1089536K
  class space    used 6141K, capacity 6281K, committed 6400K, reserved 1048576K
}
Event: 6.361 GC heap before
{Heap before GC invocations=32 (full 9):
 PSYoungGen      total 93184K, used 19936K [0x000000076ab00000, 0x0000000771580000, 0x00000007c0000000)
  eden space 78848K, 11% used [0x000000076ab00000,0x000000076b424a88,0x000000076f800000)
  from space 14336K, 73% used [0x0000000770680000,0x00000007710d3900,0x0000000771480000)
  to   space 14848K, 0% used [0x000000076f800000,0x000000076f800000,0x0000000770680000)
 ParOldGen       total 138752K, used 22496K [0x00000006c0000000, 0x00000006c8780000, 0x000000076ab00000)
  object space 138752K, 16% used [0x00000006c0000000,0x00000006c15f8388,0x00000006c8780000)
 Metaspace       used 45626K, capacity 46080K, committed 46688K, reserved 1089536K
  class space    used 6255K, capacity 6421K, committed 6528K, reserved 1048576K
Event: 6.364 GC heap after
Heap after GC invocations=32 (full 9):
 PSYoungGen      total 93696K, used 9439K [0x000000076ab00000, 0x0000000771680000, 0x00000007c0000000)
  eden space 78848K, 0% used [0x000000076ab00000,0x000000076ab00000,0x000000076f800000)
  from space 14848K, 63% used [0x000000076f800000,0x0000000770137de8,0x0000000770680000)
  to   space 15360K, 0% used [0x0000000770780000,0x0000000770780000,0x0000000771680000)
 ParOldGen       total 138752K, used 22504K [0x00000006c0000000, 0x00000006c8780000, 0x000000076ab00000)
  object space 138752K, 16% used [0x00000006c0000000,0x00000006c15fa388,0x00000006c8780000)
 Metaspace       used 45626K, capacity 46080K, committed 46688K, reserved 1089536K
  class space    used 6255K, capacity 6421K, committed 6528K, reserved 1048576K
}
Event: 6.364 GC heap before
{Heap before GC invocations=33 (full 10):
 PSYoungGen      total 93696K, used 9439K [0x000000076ab00000, 0x0000000771680000, 0x00000007c0000000)
  eden space 78848K, 0% used [0x000000076ab00000,0x000000076ab00000,0x000000076f800000)
  from space 14848K, 63% used [0x000000076f800000,0x0000000770137de8,0x0000000770680000)
  to   space 15360K, 0% used [0x0000000770780000,0x0000000770780000,0x0000000771680000)
 ParOldGen       total 138752K, used 22504K [0x00000006c0000000, 0x00000006c8780000, 0x000000076ab00000)
  object space 138752K, 16% used [0x00000006c0000000,0x00000006c15fa388,0x00000006c8780000)
 Metaspace       used 45626K, capacity 46080K, committed 46688K, reserved 1089536K
  class space    used 6255K, capacity 6421K, committed 6528K, reserved 1048576K
Event: 6.470 GC heap after
Heap after GC invocations=33 (full 10):
 PSYoungGen      total 93696K, used 0K [0x000000076ab00000, 0x0000000771680000, 0x00000007c0000000)
  eden space 78848K, 0% used [0x000000076ab00000,0x000000076ab00000,0x000000076f800000)
  from space 14848K, 0% used [0x000000076f800000,0x000000076f800000,0x0000000770680000)
  to   space 15360K, 0% used [0x0000000770780000,0x0000000770780000,0x0000000771680000)
 ParOldGen       total 138752K, used 31094K [0x00000006c0000000, 0x00000006c8780000, 0x000000076ab00000)
  object space 138752K, 22% used [0x00000006c0000000,0x00000006c1e5d800,0x00000006c8780000)
 Metaspace       used 45626K, capacity 46080K, committed 46688K, reserved 1089536K
  class space    used 6255K, capacity 6421K, committed 6528K, reserved 1048576K
}

