# JRE version: OpenJDK Runtime Environment (Zulu 8.68.0.21-CA-macos-aarch64) (8.0_362-b09) (build 1.8.0_362-b09)
# Java VM: OpenJDK 64-Bit Server VM (25.362-b09 mixed mode bsd-aarch64 compressed oops)
Heap:
 PSYoungGen      total 140288K, used 72546K [0x000000076ab00000, 0x0000000774280000, 0x00000007c0000000)
  eden space 125440K, 57% used [0x000000076ab00000,0x000000076f1d89a8,0x0000000772580000)
  from space 14848K, 0% used [0x0000000773400000,0x0000000773400000,0x0000000774280000)
  to   space 14848K, 0% used [0x0000000772580000,0x0000000772580000,0x0000000773400000)
 ParOldGen       total 175104K, used 15958K [0x00000006c0000000, 0x00000006cab00000, 0x000000076ab00000)
  object space 175104K, 9% used [0x00000006c0000000,0x00000006c0f95aa8,0x00000006cab00000)
 Metaspace       used 36563K, capacity 36897K, committed 37248K, reserved 1081344K
  class space    used 4798K, capacity 4906K, committed 4992K, reserved 1048576K
GC Heap History (10 events):
Event: 3.332 GC heap before
{Heap before GC invocations=21 (full 7):
 PSYoungGen      total 141824K, used 4351K [0x000000076ab00000, 0x0000000774700000, 0x00000007c0000000)
  eden space 128512K, 3% used [0x000000076ab00000,0x000000076af3fde8,0x0000000772880000)
  from space 13312K, 0% used [0x0000000772880000,0x0000000772880000,0x0000000773580000)
  to   space 14848K, 0% used [0x0000000773880000,0x0000000773880000,0x0000000774700000)
 ParOldGen       total 175104K, used 39230K [0x00000006c0000000, 0x00000006cab00000, 0x000000076ab00000)
  object space 175104K, 22% used [0x00000006c0000000,0x00000006c264f828,0x00000006cab00000)
 Metaspace       used 27446K, capacity 27709K, committed 28160K, reserved 1073152K
  class space    used 3642K, capacity 3725K, committed 3840K, reserved 1048576K
Event: 3.333 GC heap after
Heap after GC invocations=21 (full 7):
 PSYoungGen      total 144384K, used 96K [0x000000076ab00000, 0x0000000774800000, 0x00000007c0000000)
  eden space 129536K, 0% used [0x000000076ab00000,0x000000076ab00000,0x0000000772980000)
  from space 14848K, 0% used [0x0000000773880000,0x0000000773898000,0x0000000774700000)
  to   space 15360K, 0% used [0x0000000772980000,0x0000000772980000,0x0000000773880000)
 ParOldGen       total 175104K, used 39230K [0x00000006c0000000, 0x00000006cab00000, 0x000000076ab00000)
  object space 175104K, 22% used [0x00000006c0000000,0x00000006c264f828,0x00000006cab00000)
 Metaspace       used 27446K, capacity 27709K, committed 28160K, reserved 1073152K
  class space    used 3642K, capacity 3725K, committed 3840K, reserved 1048576K
}
Event: 3.333 GC heap before
{Heap before GC invocations=22 (full 8):
 PSYoungGen      total 144384K, used 96K [0x000000076ab00000, 0x0000000774800000, 0x00000007c0000000)
  eden space 129536K, 0% used [0x000000076ab00000,0x000000076ab00000,0x0000000772980000)
  from space 14848K, 0% used [0x0000000773880000,0x0000000773898000,0x0000000774700000)
  to   space 15360K, 0% used [0x0000000772980000,0x0000000772980000,0x0000000773880000)
 ParOldGen       total 175104K, used 39230K [0x00000006c0000000, 0x00000006cab00000, 0x000000076ab00000)
  object space 175104K, 22% used [0x00000006c0000000,0x00000006c264f828,0x00000006cab00000)
 Metaspace       used 27446K, capacity 27709K, committed 28160K, reserved 1073152K
  class space    used 3642K, capacity 3725K, committed 3840K, reserved 1048576K
Event: 3.367 GC heap after
Heap after GC invocations=22 (full 8):
 PSYoungGen      total 144384K, used 0K [0x000000076ab00000, 0x0000000774800000, 0x00000007c0000000)
  eden space 129536K, 0% used [0x000000076ab00000,0x000000076ab00000,0x0000000772980000)
  from space 14848K, 0% used [0x0000000773880000,0x0000000773880000,0x0000000774700000)
  to   space 15360K, 0% used [0x0000000772980000,0x0000000772980000,0x0000000773880000)
 ParOldGen       total 175104K, used 39230K [0x00000006c0000000, 0x00000006cab00000, 0x000000076ab00000)
  object space 175104K, 22% used [0x00000006c0000000,0x00000006c264f828,0x00000006cab00000)
 Metaspace       used 27446K, capacity 27709K, committed 28160K, reserved 1073152K
  class space    used 3642K, capacity 3725K, committed 3840K, reserved 1048576K
}
Event: 4.725 GC heap before
{Heap before GC invocations=23 (full 8):
 PSYoungGen      total 144384K, used 129536K [0x000000076ab00000, 0x0000000774800000, 0x00000007c0000000)
  eden space 129536K, 100% used [0x000000076ab00000,0x0000000772980000,0x0000000772980000)
  from space 14848K, 0% used [0x0000000773880000,0x0000000773880000,0x0000000774700000)
  to   space 15360K, 0% used [0x0000000772980000,0x0000000772980000,0x0000000773880000)
 ParOldGen       total 175104K, used 39230K [0x00000006c0000000, 0x00000006cab00000, 0x000000076ab00000)
  object space 175104K, 22% used [0x00000006c0000000,0x00000006c264f828,0x00000006cab00000)
 Metaspace       used 32987K, capacity 33337K, committed 33664K, reserved 1079296K
  class space    used 4318K, capacity 4444K, committed 4480K, reserved 1048576K
Event: 4.728 GC heap after
Heap after GC invocations=23 (full 8):
 PSYoungGen      total 130560K, used 4632K [0x000000076ab00000, 0x0000000774280000, 0x00000007c0000000)
  eden space 125440K, 0% used [0x000000076ab00000,0x000000076ab00000,0x0000000772580000)
  from space 5120K, 90% used [0x0000000772980000,0x0000000772e06000,0x0000000772e80000)
  to   space 14848K, 0% used [0x0000000773400000,0x0000000773400000,0x0000000774280000)
 ParOldGen       total 175104K, used 39238K [0x00000006c0000000, 0x00000006cab00000, 0x000000076ab00000)
  object space 175104K, 22% used [0x00000006c0000000,0x00000006c2651828,0x00000006cab00000)
 Metaspace       used 32987K, capacity 33337K, committed 33664K, reserved 1079296K
  class space    used 4318K, capacity 4444K, committed 4480K, reserved 1048576K
}
Event: 4.758 GC heap before
{Heap before GC invocations=24 (full 8):
 PSYoungGen      total 130560K, used 9146K [0x000000076ab00000, 0x0000000774280000, 0x00000007c0000000)
  eden space 125440K, 3% used [0x000000076ab00000,0x000000076af68ab0,0x0000000772580000)
  from space 5120K, 90% used [0x0000000772980000,0x0000000772e06000,0x0000000772e80000)
  to   space 14848K, 0% used [0x0000000773400000,0x0000000773400000,0x0000000774280000)
 ParOldGen       total 175104K, used 39238K [0x00000006c0000000, 0x00000006cab00000, 0x000000076ab00000)
  object space 175104K, 22% used [0x00000006c0000000,0x00000006c2651828,0x00000006cab00000)
 Metaspace       used 33334K, capacity 33689K, committed 34048K, reserved 1079296K
  class space    used 4400K, capacity 4540K, committed 4608K, reserved 1048576K
Event: 4.759 GC heap after
Heap after GC invocations=24 (full 8):
 PSYoungGen      total 140288K, used 475K [0x000000076ab00000, 0x0000000774280000, 0x00000007c0000000)
  eden space 125440K, 0% used [0x000000076ab00000,0x000000076ab00000,0x0000000772580000)
  from space 14848K, 3% used [0x0000000773400000,0x0000000773476f88,0x0000000774280000)
  to   space 14848K, 0% used [0x0000000772580000,0x0000000772580000,0x0000000773400000)
 ParOldGen       total 175104K, used 41499K [0x00000006c0000000, 0x00000006cab00000, 0x000000076ab00000)
  object space 175104K, 23% used [0x00000006c0000000,0x00000006c2886c78,0x00000006cab00000)
 Metaspace       used 33334K, capacity 33689K, committed 34048K, reserved 1079296K
  class space    used 4400K, capacity 4540K, committed 4608K, reserved 1048576K
}
Event: 4.759 GC heap before
{Heap before GC invocations=25 (full 9):
 PSYoungGen      total 140288K, used 475K [0x000000076ab00000, 0x0000000774280000, 0x00000007c0000000)
  eden space 125440K, 0% used [0x000000076ab00000,0x000000076ab00000,0x0000000772580000)
  from space 14848K, 3% used [0x0000000773400000,0x0000000773476f88,0x0000000774280000)
  to   space 14848K, 0% used [0x0000000772580000,0x0000000772580000,0x0000000773400000)
 ParOldGen       total 175104K, used 41499K [0x00000006c0000000, 0x00000006cab00000, 0x000000076ab00000)
  object space 175104K, 23% used [0x00000006c0000000,0x00000006c2886c78,0x00000006cab00000)
 Metaspace       used 33334K, capacity 33689K, committed 34048K, reserved 1079296K
  class space    used 4400K, capacity 4540K, committed 4608K, reserved 1048576K
Event: 4.822 GC heap after
Heap after GC invocations=25 (full 9):
 PSYoungGen      total 140288K, used 0K [0x000000076ab00000, 0x0000000774280000, 0x00000007c0000000)
  eden space 125440K, 0% used [0x000000076ab00000,0x000000076ab00000,0x0000000772580000)
  from space 14848K, 0% used [0x0000000773400000,0x0000000773400000,0x0000000774280000)
  to   space 14848K, 0% used [0x0000000772580000,0x0000000772580000,0x0000000773400000)
 ParOldGen       total 175104K, used 15958K [0x00000006c0000000, 0x00000006cab00000, 0x000000076ab00000)
  object space 175104K, 9% used [0x00000006c0000000,0x00000006c0f95aa8,0x00000006cab00000)
 Metaspace       used 33334K, capacity 33689K, committed 34048K, reserved 1079296K
  class space    used 4400K, capacity 4540K, committed 4608K, reserved 1048576K
}

